{"/Users/eya/Desktop/ISDI Coders/ejercicios/Curso/week6/challenge/w6chw-backend-edu-ruiz/src/db/index.js": {"path":"/Users/eya/Desktop/ISDI Coders/ejercicios/Curso/week6/challenge/w6chw-backend-edu-ruiz/src/db/index.js","statementMap":{"0":{"start":{"line":1,"column":14},"end":{"line":1,"column":50}},"1":{"start":{"line":2,"column":14},"end":{"line":2,"column":30}},"2":{"start":{"line":3,"column":17},"end":{"line":3,"column":36}},"3":{"start":{"line":5,"column":22},"end":{"line":15,"column":4}},"4":{"start":{"line":6,"column":2},"end":{"line":15,"column":4}},"5":{"start":{"line":7,"column":4},"end":{"line":14,"column":7}},"6":{"start":{"line":8,"column":6},"end":{"line":11,"column":7}},"7":{"start":{"line":9,"column":8},"end":{"line":9,"column":78}},"8":{"start":{"line":10,"column":8},"end":{"line":10,"column":15}},"9":{"start":{"line":12,"column":6},"end":{"line":12,"column":63}},"10":{"start":{"line":13,"column":6},"end":{"line":13,"column":16}},"11":{"start":{"line":17,"column":0},"end":{"line":17,"column":31}}},"fnMap":{"0":{"name":"(anonymous_0)","decl":{"start":{"line":5,"column":22},"end":{"line":5,"column":23}},"loc":{"start":{"line":6,"column":2},"end":{"line":15,"column":4}},"line":6},"1":{"name":"(anonymous_1)","decl":{"start":{"line":6,"column":14},"end":{"line":6,"column":15}},"loc":{"start":{"line":6,"column":35},"end":{"line":15,"column":3}},"line":6},"2":{"name":"(anonymous_2)","decl":{"start":{"line":7,"column":39},"end":{"line":7,"column":40}},"loc":{"start":{"line":7,"column":50},"end":{"line":14,"column":5}},"line":7}},"branchMap":{"0":{"loc":{"start":{"line":8,"column":6},"end":{"line":11,"column":7}},"type":"if","locations":[{"start":{"line":8,"column":6},"end":{"line":11,"column":7}},{"start":{},"end":{}}],"line":8}},"s":{"0":1,"1":1,"2":1,"3":1,"4":1,"5":1,"6":1,"7":0,"8":0,"9":1,"10":1,"11":1},"f":{"0":1,"1":1,"2":1},"b":{"0":[0,1]},"_coverageSchema":"1a1c01bbd47fc00a2c39e90264f33305004495a9","hash":"e617312fae332e797256f99ee89491960ec35271"}
,"/Users/eya/Desktop/ISDI Coders/ejercicios/Curso/week6/challenge/w6chw-backend-edu-ruiz/src/db/models/Robot.js": {"path":"/Users/eya/Desktop/ISDI Coders/ejercicios/Curso/week6/challenge/w6chw-backend-edu-ruiz/src/db/models/Robot.js","statementMap":{"0":{"start":{"line":1,"column":26},"end":{"line":1,"column":45}},"1":{"start":{"line":2,"column":0},"end":{"line":2,"column":29}},"2":{"start":{"line":4,"column":20},"end":{"line":32,"column":2}},"3":{"start":{"line":34,"column":14},"end":{"line":34,"column":51}},"4":{"start":{"line":36,"column":0},"end":{"line":36,"column":23}}},"fnMap":{},"branchMap":{},"s":{"0":1,"1":1,"2":1,"3":1,"4":1},"f":{},"b":{},"_coverageSchema":"1a1c01bbd47fc00a2c39e90264f33305004495a9","hash":"5487e2ab8ec707cbd122f03dc4b08cf9022393de"}
,"/Users/eya/Desktop/ISDI Coders/ejercicios/Curso/week6/challenge/w6chw-backend-edu-ruiz/src/db/models/User.js": {"path":"/Users/eya/Desktop/ISDI Coders/ejercicios/Curso/week6/challenge/w6chw-backend-edu-ruiz/src/db/models/User.js","statementMap":{"0":{"start":{"line":1,"column":26},"end":{"line":1,"column":45}},"1":{"start":{"line":3,"column":19},"end":{"line":12,"column":2}},"2":{"start":{"line":14,"column":13},"end":{"line":14,"column":47}},"3":{"start":{"line":16,"column":0},"end":{"line":16,"column":22}}},"fnMap":{},"branchMap":{},"s":{"0":1,"1":1,"2":1,"3":1},"f":{},"b":{},"_coverageSchema":"1a1c01bbd47fc00a2c39e90264f33305004495a9","hash":"6ff3874f92c50872748e1b16be8639c1d62343cd"}
,"/Users/eya/Desktop/ISDI Coders/ejercicios/Curso/week6/challenge/w6chw-backend-edu-ruiz/src/server/index.js": {"path":"/Users/eya/Desktop/ISDI Coders/ejercicios/Curso/week6/challenge/w6chw-backend-edu-ruiz/src/server/index.js","statementMap":{"0":{"start":{"line":1,"column":15},"end":{"line":1,"column":32}},"1":{"start":{"line":2,"column":16},"end":{"line":2,"column":34}},"2":{"start":{"line":3,"column":15},"end":{"line":3,"column":32}},"3":{"start":{"line":4,"column":13},"end":{"line":4,"column":28}},"4":{"start":{"line":5,"column":21},"end":{"line":5,"column":55}},"5":{"start":{"line":6,"column":18},"end":{"line":6,"column":48}},"6":{"start":{"line":7,"column":40},"end":{"line":7,"column":71}},"7":{"start":{"line":9,"column":12},"end":{"line":9,"column":21}},"8":{"start":{"line":11,"column":0},"end":{"line":11,"column":23}},"9":{"start":{"line":12,"column":0},"end":{"line":12,"column":24}},"10":{"start":{"line":14,"column":0},"end":{"line":14,"column":18}},"11":{"start":{"line":16,"column":0},"end":{"line":16,"column":29}},"12":{"start":{"line":17,"column":0},"end":{"line":17,"column":41}},"13":{"start":{"line":19,"column":0},"end":{"line":19,"column":23}},"14":{"start":{"line":20,"column":0},"end":{"line":20,"column":22}},"15":{"start":{"line":22,"column":0},"end":{"line":22,"column":21}}},"fnMap":{},"branchMap":{},"s":{"0":1,"1":1,"2":1,"3":1,"4":1,"5":1,"6":1,"7":1,"8":1,"9":1,"10":1,"11":1,"12":1,"13":1,"14":1,"15":1},"f":{},"b":{},"_coverageSchema":"1a1c01bbd47fc00a2c39e90264f33305004495a9","hash":"69440b14448b6006938542c6b3158d48d49193f8"}
,"/Users/eya/Desktop/ISDI Coders/ejercicios/Curso/week6/challenge/w6chw-backend-edu-ruiz/src/server/initialServer.js": {"path":"/Users/eya/Desktop/ISDI Coders/ejercicios/Curso/week6/challenge/w6chw-backend-edu-ruiz/src/server/initialServer.js","statementMap":{"0":{"start":{"line":1,"column":14},"end":{"line":1,"column":63}},"1":{"start":{"line":2,"column":14},"end":{"line":2,"column":30}},"2":{"start":{"line":4,"column":22},"end":{"line":19,"column":4}},"3":{"start":{"line":5,"column":2},"end":{"line":19,"column":4}},"4":{"start":{"line":6,"column":19},"end":{"line":9,"column":6}},"5":{"start":{"line":7,"column":6},"end":{"line":7,"column":49}},"6":{"start":{"line":8,"column":6},"end":{"line":8,"column":16}},"7":{"start":{"line":11,"column":4},"end":{"line":18,"column":7}},"8":{"start":{"line":12,"column":27},"end":{"line":16,"column":7}},"9":{"start":{"line":17,"column":6},"end":{"line":17,"column":38}},"10":{"start":{"line":21,"column":0},"end":{"line":21,"column":31}}},"fnMap":{"0":{"name":"(anonymous_0)","decl":{"start":{"line":4,"column":22},"end":{"line":4,"column":23}},"loc":{"start":{"line":5,"column":2},"end":{"line":19,"column":4}},"line":5},"1":{"name":"(anonymous_1)","decl":{"start":{"line":5,"column":14},"end":{"line":5,"column":15}},"loc":{"start":{"line":5,"column":35},"end":{"line":19,"column":3}},"line":5},"2":{"name":"(anonymous_2)","decl":{"start":{"line":6,"column":36},"end":{"line":6,"column":37}},"loc":{"start":{"line":6,"column":42},"end":{"line":9,"column":5}},"line":6},"3":{"name":"(anonymous_3)","decl":{"start":{"line":11,"column":23},"end":{"line":11,"column":24}},"loc":{"start":{"line":11,"column":34},"end":{"line":18,"column":5}},"line":11}},"branchMap":{"0":{"loc":{"start":{"line":14,"column":10},"end":{"line":14,"column":65}},"type":"cond-expr","locations":[{"start":{"line":14,"column":40},"end":{"line":14,"column":60}},{"start":{"line":14,"column":63},"end":{"line":14,"column":65}}],"line":14}},"s":{"0":0,"1":0,"2":0,"3":0,"4":0,"5":0,"6":0,"7":0,"8":0,"9":0,"10":0},"f":{"0":0,"1":0,"2":0,"3":0},"b":{"0":[0,0]}}
,"/Users/eya/Desktop/ISDI Coders/ejercicios/Curso/week6/challenge/w6chw-backend-edu-ruiz/src/server/controllers/robotsControllers.js": {"path":"/Users/eya/Desktop/ISDI Coders/ejercicios/Curso/week6/challenge/w6chw-backend-edu-ruiz/src/server/controllers/robotsControllers.js","statementMap":{"0":{"start":{"line":1,"column":14},"end":{"line":1,"column":46}},"1":{"start":{"line":3,"column":21},"end":{"line":6,"column":1}},"2":{"start":{"line":4,"column":17},"end":{"line":4,"column":35}},"3":{"start":{"line":5,"column":2},"end":{"line":5,"column":23}},"4":{"start":{"line":8,"column":17},"end":{"line":24,"column":1}},"5":{"start":{"line":9,"column":22},"end":{"line":9,"column":32}},"6":{"start":{"line":11,"column":2},"end":{"line":23,"column":3}},"7":{"start":{"line":12,"column":18},"end":{"line":12,"column":47}},"8":{"start":{"line":13,"column":4},"end":{"line":19,"column":5}},"9":{"start":{"line":14,"column":6},"end":{"line":14,"column":22}},"10":{"start":{"line":16,"column":20},"end":{"line":16,"column":48}},"11":{"start":{"line":17,"column":6},"end":{"line":17,"column":23}},"12":{"start":{"line":18,"column":6},"end":{"line":18,"column":18}},"13":{"start":{"line":21,"column":4},"end":{"line":21,"column":21}},"14":{"start":{"line":22,"column":4},"end":{"line":22,"column":16}},"15":{"start":{"line":26,"column":20},"end":{"line":34,"column":1}},"16":{"start":{"line":27,"column":2},"end":{"line":33,"column":3}},"17":{"start":{"line":28,"column":18},"end":{"line":28,"column":26}},"18":{"start":{"line":29,"column":21},"end":{"line":29,"column":46}},"19":{"start":{"line":30,"column":4},"end":{"line":30,"column":35}},"20":{"start":{"line":32,"column":4},"end":{"line":32,"column":16}},"21":{"start":{"line":36,"column":20},"end":{"line":45,"column":1}},"22":{"start":{"line":37,"column":22},"end":{"line":37,"column":32}},"23":{"start":{"line":38,"column":2},"end":{"line":44,"column":3}},"24":{"start":{"line":39,"column":18},"end":{"line":39,"column":26}},"25":{"start":{"line":40,"column":25},"end":{"line":40,"column":70}},"26":{"start":{"line":41,"column":4},"end":{"line":41,"column":39}},"27":{"start":{"line":43,"column":4},"end":{"line":43,"column":16}},"28":{"start":{"line":47,"column":20},"end":{"line":65,"column":1}},"29":{"start":{"line":48,"column":22},"end":{"line":48,"column":32}},"30":{"start":{"line":50,"column":2},"end":{"line":64,"column":3}},"31":{"start":{"line":51,"column":18},"end":{"line":51,"column":56}},"32":{"start":{"line":53,"column":4},"end":{"line":56,"column":5}},"33":{"start":{"line":54,"column":6},"end":{"line":54,"column":24}},"34":{"start":{"line":55,"column":6},"end":{"line":55,"column":13}},"35":{"start":{"line":58,"column":18},"end":{"line":58,"column":46}},"36":{"start":{"line":59,"column":4},"end":{"line":59,"column":21}},"37":{"start":{"line":60,"column":4},"end":{"line":60,"column":16}},"38":{"start":{"line":62,"column":4},"end":{"line":62,"column":21}},"39":{"start":{"line":63,"column":4},"end":{"line":63,"column":16}},"40":{"start":{"line":67,"column":0},"end":{"line":73,"column":2}}},"fnMap":{"0":{"name":"(anonymous_0)","decl":{"start":{"line":3,"column":21},"end":{"line":3,"column":22}},"loc":{"start":{"line":3,"column":41},"end":{"line":6,"column":1}},"line":3},"1":{"name":"(anonymous_1)","decl":{"start":{"line":8,"column":17},"end":{"line":8,"column":18}},"loc":{"start":{"line":8,"column":43},"end":{"line":24,"column":1}},"line":8},"2":{"name":"(anonymous_2)","decl":{"start":{"line":26,"column":20},"end":{"line":26,"column":21}},"loc":{"start":{"line":26,"column":46},"end":{"line":34,"column":1}},"line":26},"3":{"name":"(anonymous_3)","decl":{"start":{"line":36,"column":20},"end":{"line":36,"column":21}},"loc":{"start":{"line":36,"column":46},"end":{"line":45,"column":1}},"line":36},"4":{"name":"(anonymous_4)","decl":{"start":{"line":47,"column":20},"end":{"line":47,"column":21}},"loc":{"start":{"line":47,"column":46},"end":{"line":65,"column":1}},"line":47}},"branchMap":{"0":{"loc":{"start":{"line":13,"column":4},"end":{"line":19,"column":5}},"type":"if","locations":[{"start":{"line":13,"column":4},"end":{"line":19,"column":5}},{"start":{"line":15,"column":11},"end":{"line":19,"column":5}}],"line":13},"1":{"loc":{"start":{"line":53,"column":4},"end":{"line":56,"column":5}},"type":"if","locations":[{"start":{"line":53,"column":4},"end":{"line":56,"column":5}},{"start":{},"end":{}}],"line":53}},"s":{"0":1,"1":1,"2":0,"3":0,"4":1,"5":0,"6":0,"7":0,"8":0,"9":0,"10":0,"11":0,"12":0,"13":0,"14":0,"15":1,"16":0,"17":0,"18":0,"19":0,"20":0,"21":1,"22":0,"23":0,"24":0,"25":0,"26":0,"27":0,"28":1,"29":0,"30":0,"31":0,"32":0,"33":0,"34":0,"35":0,"36":0,"37":0,"38":0,"39":0,"40":1},"f":{"0":0,"1":0,"2":0,"3":0,"4":0},"b":{"0":[0,0],"1":[0,0]},"_coverageSchema":"1a1c01bbd47fc00a2c39e90264f33305004495a9","hash":"a0dd14af8c18c4d3b826a63ce92e05e382854ef3"}
,"/Users/eya/Desktop/ISDI Coders/ejercicios/Curso/week6/challenge/w6chw-backend-edu-ruiz/src/server/controllers/userControllers.js": {"path":"/Users/eya/Desktop/ISDI Coders/ejercicios/Curso/week6/challenge/w6chw-backend-edu-ruiz/src/server/controllers/userControllers.js","statementMap":{"0":{"start":{"line":1,"column":12},"end":{"line":1,"column":35}},"1":{"start":{"line":2,"column":15},"end":{"line":2,"column":32}},"2":{"start":{"line":3,"column":13},"end":{"line":3,"column":44}},"3":{"start":{"line":5,"column":18},"end":{"line":24,"column":1}},"4":{"start":{"line":6,"column":33},"end":{"line":6,"column":41}},"5":{"start":{"line":7,"column":15},"end":{"line":7,"column":47}},"6":{"start":{"line":8,"column":2},"end":{"line":12,"column":3}},"7":{"start":{"line":9,"column":18},"end":{"line":9,"column":45}},"8":{"start":{"line":10,"column":4},"end":{"line":10,"column":21}},"9":{"start":{"line":11,"column":4},"end":{"line":11,"column":23}},"10":{"start":{"line":13,"column":24},"end":{"line":13,"column":69}},"11":{"start":{"line":14,"column":2},"end":{"line":18,"column":3}},"12":{"start":{"line":15,"column":18},"end":{"line":15,"column":49}},"13":{"start":{"line":16,"column":4},"end":{"line":16,"column":21}},"14":{"start":{"line":17,"column":4},"end":{"line":17,"column":23}},"15":{"start":{"line":19,"column":19},"end":{"line":19,"column":55}},"16":{"start":{"line":20,"column":16},"end":{"line":22,"column":4}},"17":{"start":{"line":23,"column":2},"end":{"line":23,"column":29}},"18":{"start":{"line":26,"column":0},"end":{"line":26,"column":27}}},"fnMap":{"0":{"name":"(anonymous_0)","decl":{"start":{"line":5,"column":18},"end":{"line":5,"column":19}},"loc":{"start":{"line":5,"column":44},"end":{"line":24,"column":1}},"line":5}},"branchMap":{"0":{"loc":{"start":{"line":8,"column":2},"end":{"line":12,"column":3}},"type":"if","locations":[{"start":{"line":8,"column":2},"end":{"line":12,"column":3}},{"start":{},"end":{}}],"line":8},"1":{"loc":{"start":{"line":14,"column":2},"end":{"line":18,"column":3}},"type":"if","locations":[{"start":{"line":14,"column":2},"end":{"line":18,"column":3}},{"start":{},"end":{}}],"line":14}},"s":{"0":1,"1":1,"2":1,"3":1,"4":0,"5":0,"6":0,"7":0,"8":0,"9":0,"10":0,"11":0,"12":0,"13":0,"14":0,"15":0,"16":0,"17":0,"18":1},"f":{"0":0},"b":{"0":[0,0],"1":[0,0]},"_coverageSchema":"1a1c01bbd47fc00a2c39e90264f33305004495a9","hash":"aa40ac5403964a0c52d29ba9d5c71b9e23cb3e92"}
,"/Users/eya/Desktop/ISDI Coders/ejercicios/Curso/week6/challenge/w6chw-backend-edu-ruiz/src/server/middlewares/auth.js": {"path":"/Users/eya/Desktop/ISDI Coders/ejercicios/Curso/week6/challenge/w6chw-backend-edu-ruiz/src/server/middlewares/auth.js","statementMap":{"0":{"start":{"line":1,"column":12},"end":{"line":1,"column":35}},"1":{"start":{"line":2,"column":14},"end":{"line":2,"column":30}},"2":{"start":{"line":4,"column":13},"end":{"line":20,"column":1}},"3":{"start":{"line":5,"column":21},"end":{"line":5,"column":48}},"4":{"start":{"line":6,"column":2},"end":{"line":19,"column":3}},"5":{"start":{"line":7,"column":18},"end":{"line":7,"column":55}},"6":{"start":{"line":8,"column":4},"end":{"line":8,"column":21}},"7":{"start":{"line":9,"column":4},"end":{"line":9,"column":16}},"8":{"start":{"line":11,"column":18},"end":{"line":11,"column":51}},"9":{"start":{"line":12,"column":4},"end":{"line":18,"column":5}},"10":{"start":{"line":13,"column":6},"end":{"line":13,"column":48}},"11":{"start":{"line":14,"column":6},"end":{"line":14,"column":13}},"12":{"start":{"line":16,"column":6},"end":{"line":16,"column":23}},"13":{"start":{"line":17,"column":6},"end":{"line":17,"column":18}},"14":{"start":{"line":22,"column":0},"end":{"line":22,"column":26}}},"fnMap":{"0":{"name":"(anonymous_0)","decl":{"start":{"line":4,"column":13},"end":{"line":4,"column":14}},"loc":{"start":{"line":4,"column":33},"end":{"line":20,"column":1}},"line":4}},"branchMap":{"0":{"loc":{"start":{"line":6,"column":2},"end":{"line":19,"column":3}},"type":"if","locations":[{"start":{"line":6,"column":2},"end":{"line":19,"column":3}},{"start":{"line":10,"column":9},"end":{"line":19,"column":3}}],"line":6}},"s":{"0":1,"1":1,"2":1,"3":1,"4":1,"5":1,"6":1,"7":1,"8":0,"9":0,"10":0,"11":0,"12":0,"13":0,"14":1},"f":{"0":1},"b":{"0":[1,0]},"_coverageSchema":"1a1c01bbd47fc00a2c39e90264f33305004495a9","hash":"42c700ffd670a74e980013c107ccd28d127b9a92"}
,"/Users/eya/Desktop/ISDI Coders/ejercicios/Curso/week6/challenge/w6chw-backend-edu-ruiz/src/server/middlewares/errors.js": {"path":"/Users/eya/Desktop/ISDI Coders/ejercicios/Curso/week6/challenge/w6chw-backend-edu-ruiz/src/server/middlewares/errors.js","statementMap":{"0":{"start":{"line":1,"column":14},"end":{"line":1,"column":68}},"1":{"start":{"line":2,"column":14},"end":{"line":2,"column":30}},"2":{"start":{"line":4,"column":22},"end":{"line":6,"column":1}},"3":{"start":{"line":5,"column":2},"end":{"line":5,"column":71}},"4":{"start":{"line":9,"column":21},"end":{"line":14,"column":1}},"5":{"start":{"line":10,"column":2},"end":{"line":10,"column":44}},"6":{"start":{"line":11,"column":20},"end":{"line":11,"column":35}},"7":{"start":{"line":12,"column":23},"end":{"line":12,"column":64}},"8":{"start":{"line":13,"column":2},"end":{"line":13,"column":69}},"9":{"start":{"line":16,"column":0},"end":{"line":19,"column":2}}},"fnMap":{"0":{"name":"(anonymous_0)","decl":{"start":{"line":4,"column":22},"end":{"line":4,"column":23}},"loc":{"start":{"line":4,"column":36},"end":{"line":6,"column":1}},"line":4},"1":{"name":"(anonymous_1)","decl":{"start":{"line":9,"column":21},"end":{"line":9,"column":22}},"loc":{"start":{"line":9,"column":46},"end":{"line":14,"column":1}},"line":9}},"branchMap":{"0":{"loc":{"start":{"line":11,"column":20},"end":{"line":11,"column":35}},"type":"binary-expr","locations":[{"start":{"line":11,"column":20},"end":{"line":11,"column":28}},{"start":{"line":11,"column":32},"end":{"line":11,"column":35}}],"line":11},"1":{"loc":{"start":{"line":12,"column":23},"end":{"line":12,"column":64}},"type":"cond-expr","locations":[{"start":{"line":12,"column":34},"end":{"line":12,"column":45}},{"start":{"line":12,"column":48},"end":{"line":12,"column":64}}],"line":12}},"s":{"0":1,"1":1,"2":1,"3":0,"4":1,"5":1,"6":1,"7":1,"8":1,"9":1},"f":{"0":0,"1":1},"b":{"0":[1,0],"1":[1,0]},"_coverageSchema":"1a1c01bbd47fc00a2c39e90264f33305004495a9","hash":"48e19b1c8ddf92aa9f37211af2b267321a44a431"}
,"/Users/eya/Desktop/ISDI Coders/ejercicios/Curso/week6/challenge/w6chw-backend-edu-ruiz/src/server/routers/ robotsRouter.js": {"path":"/Users/eya/Desktop/ISDI Coders/ejercicios/Curso/week6/challenge/w6chw-backend-edu-ruiz/src/server/routers/ robotsRouter.js","statementMap":{"0":{"start":{"line":1,"column":16},"end":{"line":1,"column":34}},"1":{"start":{"line":9,"column":4},"end":{"line":9,"column":47}},"2":{"start":{"line":10,"column":17},"end":{"line":10,"column":47}},"3":{"start":{"line":12,"column":15},"end":{"line":12,"column":31}},"4":{"start":{"line":14,"column":0},"end":{"line":14,"column":36}},"5":{"start":{"line":15,"column":0},"end":{"line":15,"column":34}},"6":{"start":{"line":16,"column":0},"end":{"line":16,"column":43}},"7":{"start":{"line":17,"column":0},"end":{"line":17,"column":43}},"8":{"start":{"line":18,"column":0},"end":{"line":18,"column":46}},"9":{"start":{"line":20,"column":0},"end":{"line":20,"column":24}}},"fnMap":{},"branchMap":{},"s":{"0":1,"1":1,"2":1,"3":1,"4":1,"5":1,"6":1,"7":1,"8":1,"9":1},"f":{},"b":{},"_coverageSchema":"1a1c01bbd47fc00a2c39e90264f33305004495a9","hash":"86755e1ece8fbf10000bad0743d7493e31811162"}
,"/Users/eya/Desktop/ISDI Coders/ejercicios/Curso/week6/challenge/w6chw-backend-edu-ruiz/src/server/routers/useRouter.js": {"path":"/Users/eya/Desktop/ISDI Coders/ejercicios/Curso/week6/challenge/w6chw-backend-edu-ruiz/src/server/routers/useRouter.js","statementMap":{"0":{"start":{"line":1,"column":16},"end":{"line":1,"column":34}},"1":{"start":{"line":2,"column":18},"end":{"line":2,"column":59}},"2":{"start":{"line":4,"column":15},"end":{"line":4,"column":31}},"3":{"start":{"line":6,"column":0},"end":{"line":6,"column":34}},"4":{"start":{"line":8,"column":0},"end":{"line":8,"column":24}}},"fnMap":{},"branchMap":{},"s":{"0":1,"1":1,"2":1,"3":1,"4":1},"f":{},"b":{},"_coverageSchema":"1a1c01bbd47fc00a2c39e90264f33305004495a9","hash":"086fca27c421b8dfb1e8ad15d1d6fd25784f1407"}
}
